<?xml version="1.0" encoding="UTF-8"?>
<!-- Generated by org.testng.reporters.JUnitReportReporter -->
<testsuite hostname="THarunREddy" failures="0" tests="1" name="AutomationPractice.MainTests.ErrorValidationTest" time="14.798" errors="0" timestamp="2025-01-01T15:01:14 IST" skipped="0">
  <testcase classname="AutomationPractice.MainTests.ErrorValidationTest" name="ErrorValidations" time="14.798"/>
</testsuite> <!-- AutomationPractice.MainTests.ErrorValidationTest -->
