<?xml version="1.0" encoding="UTF-8"?>
<!-- Generated by org.testng.reporters.JUnitReportReporter -->
<testsuite hostname="THarunREddy" failures="0" tests="1" name="AutomationPractice.TestNGConcept.TestNGChecking" time="10.919" errors="0" timestamp="2024-12-30T19:06:48 IST" skipped="0">
  <testcase classname="AutomationPractice.TestNGConcept.TestNGChecking" name="setup" time="10.919"/>
</testsuite> <!-- AutomationPractice.TestNGConcept.TestNGChecking -->
