<?xml version="1.0" encoding="UTF-8"?>
<!-- Generated by org.testng.reporters.JUnitReportReporter -->
<testsuite hostname="THarunREddy" failures="0" tests="3" name="cucumber.TestNGTestRunner" time="41.321" errors="0" timestamp="2025-01-01T21:06:56 IST" skipped="0">
  <testcase classname="cucumber.TestNGTestRunner" name="runScenario" time="9.074"/>
  <testcase classname="cucumber.TestNGTestRunner" name="runScenario" time="11.874"/>
  <testcase classname="cucumber.TestNGTestRunner" name="runScenario" time="20.373"/>
</testsuite> <!-- cucumber.TestNGTestRunner -->
