<?xml version="1.0" encoding="UTF-8"?>
<!-- Generated by org.testng.reporters.JUnitReportReporter -->
<testsuite hostname="THarunREddy" failures="0" tests="1" name="AutomationPractice.MainTests.ErrorValidationTest" time="29.257" errors="0" timestamp="2025-01-01T17:26:16 IST" skipped="0">
  <testcase classname="AutomationPractice.MainTests.ErrorValidationTest" name="ErrorValidations" time="29.257"/>
</testsuite> <!-- AutomationPractice.MainTests.ErrorValidationTest -->
