<?xml version="1.0" encoding="UTF-8"?>
<!-- Generated by org.testng.reporters.JUnitReportReporter -->
<testsuite hostname="THarunREddy" failures="0" tests="3" name="cucumber.TestNGTestRunner" time="36.049" errors="0" timestamp="2025-01-01T21:17:36 IST" skipped="0">
  <testcase classname="cucumber.TestNGTestRunner" name="runScenario" time="12.659"/>
  <testcase classname="cucumber.TestNGTestRunner" name="runScenario" time="9.536"/>
  <testcase classname="cucumber.TestNGTestRunner" name="runScenario" time="13.854"/>
</testsuite> <!-- cucumber.TestNGTestRunner -->
