<?xml version="1.0" encoding="UTF-8"?>
<!-- Generated by org.testng.reporters.JUnitReportReporter -->
<testsuite hostname="THarunREddy" failures="0" tests="3" name="AutomationPractice.MainTests.OrdersTest" time="97.368" errors="0" timestamp="2025-01-01T17:26:16 IST" skipped="0">
  <testcase classname="AutomationPractice.MainTests.OrdersTest" name="SubmitOrder" time="40.991"/>
  <testcase classname="AutomationPractice.MainTests.OrdersTest" name="loginLogoutMsgs" time="31.108"/>
  <testcase classname="AutomationPractice.MainTests.OrdersTest" name="SubmitOrder" time="25.269"/>
</testsuite> <!-- AutomationPractice.MainTests.OrdersTest -->
